\BOOKMARK [1][-]{section.1}{Preface}{}% 1
\BOOKMARK [2][-]{section*.1}{Guide\040materials}{section.1}% 2
\BOOKMARK [1][-]{section.2}{Objectives}{}% 3
\BOOKMARK [1][-]{section.3}{Understanding\040the\040Data}{}% 4
\BOOKMARK [2][-]{section*.2}{The\040World\040Bank\040Data}{section.3}% 5
\BOOKMARK [2][-]{section*.2}{Source\040Data}{section.3}% 6
\BOOKMARK [2][-]{section*.2}{Data\040limitations}{section.3}% 7
\BOOKMARK [2][-]{section*.2}{Data\040definitions\040&\040assumptions}{section.3}% 8
\BOOKMARK [3][-]{section*.3}{``Women''}{section*.2}% 9
\BOOKMARK [3][-]{section*.3}{``Country\040\(Region\)''}{section*.2}% 10
\BOOKMARK [2][-]{section*.3}{Pro\040tip}{section.3}% 11
\BOOKMARK [1][-]{section.4}{About\040the\040data\040file}{}% 12
\BOOKMARK [2][-]{section*.4}{Pro\040tip}{section.4}% 13
\BOOKMARK [2][-]{section*.4}{Exercise}{section.4}% 14
\BOOKMARK [2][-]{section*.4}{Content\040and\040Structure}{section.4}% 15
\BOOKMARK [1][-]{section.5}{Importing\040the\040data}{}% 16
\BOOKMARK [2][-]{section*.5}{Exercise}{section.5}% 17
\BOOKMARK [1][-]{section.6}{Data\040Wrangling\040Aims}{}% 18
\BOOKMARK [2][-]{section*.6}{Key\040information\040retained}{section.6}% 19
\BOOKMARK [2][-]{section*.6}{Superfluous\040columns}{section.6}% 20
\BOOKMARK [2][-]{section*.6}{Check}{section.6}% 21
\BOOKMARK [2][-]{section*.6}{Exercise}{section.6}% 22
\BOOKMARK [2][-]{section*.6}{Removing\040columns}{section.6}% 23
\BOOKMARK [2][-]{section*.6}{Reshape\040to\040long\040format}{section.6}% 24
\BOOKMARK [2][-]{section*.6}{Final\040tweaks\040to\040WP}{section.6}% 25
\BOOKMARK [1][-]{section.7}{Questions}{}% 26
\BOOKMARK [2][-]{section*.7}{Exercise\040-\040Without\040Programming}{section.7}% 27
\BOOKMARK [1][-]{section.8}{Exploratory\040Analysis}{}% 28
\BOOKMARK [2][-]{section*.8}{Select\040a\040country}{section.8}% 29
\BOOKMARK [2][-]{section*.8}{Time\040trends\040for\040Portugal}{section.8}% 30
\BOOKMARK [3][-]{section*.9}{Visualisation}{section*.8}% 31
\BOOKMARK [3][-]{section*.9}{Interpretation}{section*.8}% 32
\BOOKMARK [2][-]{section*.9}{Exercise}{section.8}% 33
\BOOKMARK [2][-]{section*.9}{Portugal\040versus\040European\040Union\040\(EU\)\040countries}{section.8}% 34
\BOOKMARK [3][-]{section*.10}{Interpretation}{section*.9}% 35
\BOOKMARK [2][-]{section*.10}{A\040couple\040of\040points\040to\040note}{section.8}% 36
\BOOKMARK [3][-]{section*.11}{``Germany''}{section*.10}% 37
\BOOKMARK [3][-]{section*.11}{``European\040Union''}{section*.10}% 38
\BOOKMARK [2][-]{section*.11}{Exercises}{section.8}% 39
\BOOKMARK [2][-]{section*.11}{Countries\040with\040the\040highest\040percentage\040of\040women\040in\040parliament}{section.8}% 40
\BOOKMARK [2][-]{section*.11}{Data\040speaks}{section.8}% 41
\BOOKMARK [2][-]{section*.11}{Highest\040percentage\040by\040year}{section.8}% 42
\BOOKMARK [2][-]{section*.11}{Merging\040continent}{section.8}% 43
\BOOKMARK [2][-]{section*.11}{Highest\040percentages\040by\040year\040and\040continent}{section.8}% 44
\BOOKMARK [2][-]{section*.11}{Decline\040in\040percentage}{section.8}% 45
\BOOKMARK [3][-]{section*.12}{Visualisation}{section*.11}% 46
\BOOKMARK [3][-]{section*.12}{Interpretation}{section*.11}% 47
\BOOKMARK [2][-]{section*.12}{Ranked\040status}{section.8}% 48
\BOOKMARK [2][-]{section*.12}{Global\040ranks\040by\040year}{section.8}% 49
\BOOKMARK [2][-]{section*.12}{Global ranking – Portugal}{section.8}% 50
\BOOKMARK [3][-]{section*.13}{Interpretation}{section*.12}% 51
\BOOKMARK [2][-]{section*.13}{Exercise}{section.8}% 52
\BOOKMARK [2][-]{section*.13}{Continent\040ranks\040by\040year}{section.8}% 53
\BOOKMARK [2][-]{section*.13}{Portugal's\040ranking\040in\040Europe}{section.8}% 54
\BOOKMARK [2][-]{section*.13}{Plot\040of\040Portugal's\040ranking\040in\040Europe}{section.8}% 55
\BOOKMARK [3][-]{section*.14}{Interpretation}{section*.13}% 56
\BOOKMARK [2][-]{section*.14}{Exercise}{section.8}% 57
\BOOKMARK [2][-]{section*.14}{Highest\040rank\040by\040year\040and\040continent}{section.8}% 58
\BOOKMARK [2][-]{section*.14}{Overall\040picture}{section.8}% 59
\BOOKMARK [3][-]{section*.15}{Interpretation}{section*.14}% 60
\BOOKMARK [1][-]{section.9}{Conclusion}{}% 61
